Arguments: 
  /Users/heewungsong/.nvm/versions/node/v11.2.0/bin/node /Users/heewungsong/.nvm/versions/node/v11.2.0/bin/yarn init

PATH: 
  /usr/local/opt/libxml2/bin:/Users/heewungsong/flutter/bin:/usr/local/Cellar/python/3.7.3/Frameworks/Python.framework/Versions/3.7/bin:/usr/local/opt/mysql@5.7/bin:/usr/local/opt/php@7.2/sbin:/usr/local/opt/php@7.2/bin:/Users/heewungsong/.nvm/versions/node/v11.2.0/bin:/Users/heewungsong/bin:/usr/local/bin:/usr/local/bin:/usr/bin:/bin:/usr/sbin:/sbin:/Users/heewungsong/.composer/vendor/bin

Yarn version: 
  1.16.0

Node version: 
  11.2.0

Platform: 
  darwin x64

Trace: 
  Error: canceled
      at Interface.<anonymous> (/Users/heewungsong/.nvm/versions/node/v11.2.0/lib/node_modules/yarn/lib/cli.js:125850:13)
      at Interface.emit (events.js:182:13)
      at Interface._ttyWrite (readline.js:818:16)
      at ReadStream.onkeypress (readline.js:178:10)
      at ReadStream.emit (events.js:182:13)
      at emitKeys (internal/readline.js:424:14)
      at emitKeys.next (<anonymous>)
      at ReadStream.onData (readline.js:1055:36)
      at ReadStream.emit (events.js:182:13)
      at addChunk (_stream_readable.js:287:12)

npm manifest: 
  No manifest

yarn manifest: 
  No manifest

Lockfile: 
  No lockfile
